<?xml version="1.0" encoding="UTF-8"?>
<testng-results ignored="0" total="1" passed="1" failed="0" skipped="0">
  <reporter-output>
  </reporter-output>
  <suite started-at="2024-04-18T19:56:06 IST" name="Default suite" finished-at="2024-04-18T19:56:24 IST" duration-ms="18075">
    <groups>
    </groups>
    <test started-at="2024-04-18T19:56:06 IST" name="Default test" finished-at="2024-04-18T19:56:24 IST" duration-ms="18075">
      <class name="TestngTutorial.RightClick">
        <test-method signature="testingDigCode()[pri:0, instance:TestngTutorial.RightClick@3e27ba32]" started-at="2024-04-18T19:56:06 IST" name="testingDigCode" finished-at="2024-04-18T19:56:24 IST" duration-ms="18002" status="PASS">
          <reporter-output>
          </reporter-output>
        </test-method> <!-- testingDigCode -->
      </class> <!-- TestngTutorial.RightClick -->
    </test> <!-- Default test -->
  </suite> <!-- Default suite -->
</testng-results>
